Determining if the pthread_create exist failed with the following output:
Change Dir: /home/cc/ee106a/fa15/class/ee106a-ab/ros_workspace/lab2/build/CMakeFiles/CMakeTmp

Run Build Command:/usr/bin/make "cmTryCompileExec2834783292/fast"
/usr/bin/make -f CMakeFiles/cmTryCompileExec2834783292.dir/build.make CMakeFiles/cmTryCompileExec2834783292.dir/build
make[1]: Entering directory `/home/cc/ee106a/fa15/class/ee106a-ab/ros_workspace/lab2/build/CMakeFiles/CMakeTmp'
/usr/bin/cmake -E cmake_progress_report /home/cc/ee106a/fa15/class/ee106a-ab/ros_workspace/lab2/build/CMakeFiles/CMakeTmp/CMakeFiles 1
Building C object CMakeFiles/cmTryCompileExec2834783292.dir/CheckSymbolExists.c.o
/usr/bin/cc    -o CMakeFiles/cmTryCompileExec2834783292.dir/CheckSymbolExists.c.o   -c /home/cc/ee106a/fa15/class/ee106a-ab/ros_workspace/lab2/build/CMakeFiles/CMakeTmp/CheckSymbolExists.c
Linking C executable cmTryCompileExec2834783292
/usr/bin/cmake -E cmake_link_script CMakeFiles/cmTryCompileExec2834783292.dir/link.txt --verbose=1
/usr/bin/cc       CMakeFiles/cmTryCompileExec2834783292.dir/CheckSymbolExists.c.o  -o cmTryCompileExec2834783292 -rdynamic 
CMakeFiles/cmTryCompileExec2834783292.dir/CheckSymbolExists.c.o: In function `main':
CheckSymbolExists.c:(.text+0x16): undefined reference to `pthread_create'
collect2: error: ld returned 1 exit status
make[1]: Leaving directory `/home/cc/ee106a/fa15/class/ee106a-ab/ros_workspace/lab2/build/CMakeFiles/CMakeTmp'
make[1]: *** [cmTryCompileExec2834783292] Error 1
make: *** [cmTryCompileExec2834783292/fast] Error 2

File /home/cc/ee106a/fa15/class/ee106a-ab/ros_workspace/lab2/build/CMakeFiles/CMakeTmp/CheckSymbolExists.c:
/* */
#include <pthread.h>

int main(int argc, char** argv)
{
  (void)argv;
#ifndef pthread_create
  return ((int*)(&pthread_create))[argc];
#else
  (void)argc;
  return 0;
#endif
}

Determining if the function pthread_create exists in the pthreads failed with the following output:
Change Dir: /home/cc/ee106a/fa15/class/ee106a-ab/ros_workspace/lab2/build/CMakeFiles/CMakeTmp

Run Build Command:/usr/bin/make "cmTryCompileExec570258270/fast"
/usr/bin/make -f CMakeFiles/cmTryCompileExec570258270.dir/build.make CMakeFiles/cmTryCompileExec570258270.dir/build
make[1]: Entering directory `/home/cc/ee106a/fa15/class/ee106a-ab/ros_workspace/lab2/build/CMakeFiles/CMakeTmp'
/usr/bin/cmake -E cmake_progress_report /home/cc/ee106a/fa15/class/ee106a-ab/ros_workspace/lab2/build/CMakeFiles/CMakeTmp/CMakeFiles 1
Building C object CMakeFiles/cmTryCompileExec570258270.dir/CheckFunctionExists.c.o
/usr/bin/cc   -DCHECK_FUNCTION_EXISTS=pthread_create   -o CMakeFiles/cmTryCompileExec570258270.dir/CheckFunctionExists.c.o   -c /usr/share/cmake-2.8/Modules/CheckFunctionExists.c
Linking C executable cmTryCompileExec570258270
/usr/bin/cmake -E cmake_link_script CMakeFiles/cmTryCompileExec570258270.dir/link.txt --verbose=1
/usr/bin/cc   -DCHECK_FUNCTION_EXISTS=pthread_create    CMakeFiles/cmTryCompileExec570258270.dir/CheckFunctionExists.c.o  -o cmTryCompileExec570258270 -rdynamic -lpthreads 
/usr/bin/ld: cannot find -lpthreads
collect2: error: ld returned 1 exit status
make[1]: *** [cmTryCompileExec570258270] Error 1
make[1]: Leaving directory `/home/cc/ee106a/fa15/class/ee106a-ab/ros_workspace/lab2/build/CMakeFiles/CMakeTmp'
make: *** [cmTryCompileExec570258270/fast] Error 2


